<?xml version="1.0" encoding="UTF-8"?>
<testng-results ignored="0" total="3" passed="3" failed="0" skipped="0">
  <reporter-output>
  </reporter-output>
  <suite started-at="2022-04-27T20:58:18 PKT" name="Suite" finished-at="2022-04-27T20:58:18 PKT" duration-ms="50">
    <groups>
    </groups>
    <test started-at="2022-04-27T20:58:18 PKT" name="Test" finished-at="2022-04-27T20:58:18 PKT" duration-ms="50">
      <class name="learning.mavenn.day1">
        <test-method signature="print()[pri:0, instance:learning.mavenn.day1@28f2a10f]" started-at="2022-04-27T20:58:18 PKT" name="print" finished-at="2022-04-27T20:58:18 PKT" duration-ms="1" status="PASS">
          <reporter-output>
          </reporter-output>
        </test-method> <!-- print -->
        <test-method signature="prtinhello()[pri:0, instance:learning.mavenn.day1@28f2a10f]" started-at="2022-04-27T20:58:18 PKT" name="prtinhello" finished-at="2022-04-27T20:58:18 PKT" duration-ms="0" status="PASS">
          <reporter-output>
          </reporter-output>
        </test-method> <!-- prtinhello -->
      </class> <!-- learning.mavenn.day1 -->
      <class name="learning.mavenn.first">
        <test-method signature="dsf()[pri:0, instance:learning.mavenn.first@fa49800]" started-at="2022-04-27T20:58:18 PKT" name="dsf" finished-at="2022-04-27T20:58:18 PKT" duration-ms="5" status="PASS">
          <reporter-output>
          </reporter-output>
        </test-method> <!-- dsf -->
      </class> <!-- learning.mavenn.first -->
    </test> <!-- Test -->
  </suite> <!-- Suite -->
</testng-results>
